 2019-05-20, 12:25:14	Toyota	Prius	benzina	455615km	GM724KW	warning
2019-05-20, 12:25:14	Jeep	Renegade	elettrico	267118km	JP825WD	warning
2019-05-20, 12:25:14	Jeep	Cherokee	benzina	28051km	WJ068KM	critical
2019-05-20, 12:25:14	Audi	A4	gpl	425258km	QR153LW	critical
2019-05-20, 12:25:14	Toyota	Prius	elettrico	219262km	EQ253CP	critical
2019-05-20, 12:25:14	Audi	A6	gasolio	374799km	MG044TG	ok
2019-05-20, 12:25:14	BMW	x3	gpl	394406km	CD028DW	warning
2019-05-20, 12:25:14	Toyota	Corolla	metano	371119km	OX352QG	warning
2019-05-20, 12:25:14	Audi	A6	gpl	264748km	VX288SM	warning
2019-05-20, 12:25:14	Jeep	Renegade	metano	200987km	DH011LG	ok
2019-05-20, 12:25:14	Toyota	Prius	gasolio	481618km	KE400VO	warning
2019-05-20, 12:25:14	Land Rover	Defender	metano	231240km	HT152HC	ok
2019-05-20, 12:25:14	Nissan	Micra	gpl	114888km	YB036EQ	critical
2019-05-20, 12:25:14	Jeep	Wrangler	elettrico	97489km	PA230WD	ok
2019-05-20, 12:25:14	Land Rover	Outlander	metano	421724km	OT108TJ	critical
2019-05-20, 12:25:14	Jeep	Cherokee	benzina	200547km	WL080BZ	ok
2019-05-20, 12:25:14	Land Rover	Outlander	elettrico	380900km	TP286OJ	critical
2019-05-20, 12:25:14	Audi	A4	gasolio	148085km	EH339NR	ok
2019-05-20, 12:25:14	Land Rover	Defender	gasolio	85732km	WS876FN	critical
2019-05-20, 12:25:14	Mazda	5	metano	393845km	IQ825XR	ok
2019-05-20, 12:25:14	Suzuki	Jimny	gasolio	448535km	ID066FK	warning
2019-05-20, 12:25:14	Mazda	3	gasolio	80394km	QU108OM	ok
2019-05-20, 12:25:14	Land Rover	Discovery	gpl	261222km	MU130BI	critical
2019-05-20, 12:25:14	Land Rover	Discovery	gpl	38886km	LC642NG	critical
2019-05-20, 12:25:14	Jeep	Cherokee	benzina	267078km	JE473TL	critical
2019-05-20, 12:25:14	Mazda	3	gpl	487004km	JU653IY	critical
2019-05-20, 12:25:14	Suzuki	Samurai	benzina	38728km	ZP679ZD	warning
2019-05-20, 12:25:14	BMW	x5	elettrico	315396km	ID831KJ	critical
2019-05-20, 12:25:14	Suzuki	Jimny	gasolio	155003km	EO308BC	critical
2019-05-20, 12:25:14	Suzuki	Vitara	gpl	131176km	RU021UV	critical
2019-05-20, 12:25:14	Land Rover	Outlander	metano	382181km	QZ150ML	critical
2019-05-20, 12:25:14	Audi	A3	benzina	377557km	LJ096LT	ok
2019-05-20, 12:25:14	Mazda	6	benzina	369602km	FG201IS	warning
2019-05-20, 12:25:14	Jeep	Compass	gasolio	159098km	NB647IU	warning
2019-05-20, 12:25:14	BMW	x5	benzina	440632km	NH607BB	warning
2019-05-20, 12:25:14	Audi	A6	gasolio	235209km	HG453CG	ok
2019-05-20, 12:25:14	Mazda	6	gpl	375881km	WR411JA	ok
2019-05-20, 12:25:14	Suzuki	Samurai	gpl	487707km	XJ768ED	ok
2019-05-20, 12:25:14	Mazda	6	benzina	484137km	LH544FL	warning
2019-05-20, 12:25:14	Audi	A3	metano	64320km	QE853CM	critical
2019-05-20, 12:25:14	BMW	x5	elettrico	449726km	CS408HY	warning
2019-05-20, 12:25:14	Suzuki	Vitara	gpl	308467km	FV120UX	warning
2019-05-20, 12:25:14	Suzuki	Jimny	elettrico	98361km	QZ250OT	critical
2019-05-20, 12:25:14	Suzuki	Vitara	gasolio	28758km	VE101CL	critical
2019-05-20, 12:25:14	Nissan	Micra	metano	128763km	AV996BB	critical
2019-05-20, 12:25:14	Toyota	Prius	gpl	386116km	IT167QE	warning
2019-05-20, 12:25:14	Mazda	6	gasolio	490443km	XV381HD	warning
2019-05-20, 12:25:14	Land Rover	Defender	gasolio	289268km	II851FT	ok
2019-05-20, 12:25:14	Mazda	6	elettrico	346842km	KB185LE	ok
2019-05-20, 12:25:14	Suzuki	Jimny	gasolio	195834km	AA710JM	critical
